# JRE version: OpenJDK Runtime Environment Corretto-17.0.5.8.1 (17.0.5+8) (build 17.0.5+8-LTS)
# Java VM: OpenJDK 64-Bit Server VM Corretto-17.0.5.8.1 (17.0.5+8-LTS, mixed mode, sharing, tiered, compressed oops, compressed class ptrs, g1 gc, windows-amd64)
GC Precious Log:
 CPUs: 8 total, 8 available
 Memory: 6119M
 Large Page Support: Disabled
 NUMA Support: Disabled
 Compressed Oops: Enabled (32-bit)
 Heap Region Size: 1M
 Heap Min Capacity: 256M
 Heap Initial Capacity: 256M
 Heap Max Capacity: 512M
 Pre-touch: Disabled
 Parallel Workers: 8
 Concurrent Workers: 2
 Concurrent Refinement Workers: 8
 Periodic GC: Disabled
Heap:
 garbage-first heap   total 262144K, used 160112K [0x00000000e0000000, 0x0000000100000000)
  region size 1024K, 26 young (26624K), 3 survivors (3072K)
 Metaspace       used 120667K, committed 121472K, reserved 421888K
  class space    used 15620K, committed 16000K, reserved 315392K
GC Heap History (20 events):
Event: 13.272 GC heap before
{Heap before GC invocations=6 (full 0):
 garbage-first heap   total 262144K, used 184474K [0x00000000e0000000, 0x0000000100000000)
  region size 1024K, 143 young (146432K), 11 survivors (11264K)
 Metaspace       used 49616K, committed 50176K, reserved 364544K
  class space    used 7430K, committed 7680K, reserved 315392K
}
Event: 13.290 GC heap after
{Heap after GC invocations=7 (full 0):
 garbage-first heap   total 262144K, used 56273K [0x00000000e0000000, 0x0000000100000000)
  region size 1024K, 9 young (9216K), 9 survivors (9216K)
 Metaspace       used 49616K, committed 50176K, reserved 364544K
  class space    used 7430K, committed 7680K, reserved 315392K
}
Event: 16.131 GC heap before
{Heap before GC invocations=7 (full 0):
 garbage-first heap   total 262144K, used 170961K [0x00000000e0000000, 0x0000000100000000)
  region size 1024K, 111 young (113664K), 9 survivors (9216K)
 Metaspace       used 59444K, committed 60096K, reserved 372736K
  class space    used 8778K, committed 9088K, reserved 315392K
}
Event: 16.143 GC heap after
{Heap after GC invocations=8 (full 0):
 garbage-first heap   total 262144K, used 76920K [0x00000000e0000000, 0x0000000100000000)
  region size 1024K, 17 young (17408K), 17 survivors (17408K)
 Metaspace       used 59444K, committed 60096K, reserved 372736K
  class space    used 8778K, committed 9088K, reserved 315392K
}
Event: 19.296 GC heap before
{Heap before GC invocations=9 (full 0):
 garbage-first heap   total 262144K, used 199800K [0x00000000e0000000, 0x0000000100000000)
  region size 1024K, 137 young (140288K), 17 survivors (17408K)
 Metaspace       used 71580K, committed 72384K, reserved 380928K
  class space    used 10428K, committed 10816K, reserved 315392K
}
Event: 19.323 GC heap after
{Heap after GC invocations=10 (full 0):
 garbage-first heap   total 262144K, used 82056K [0x00000000e0000000, 0x0000000100000000)
  region size 1024K, 14 young (14336K), 14 survivors (14336K)
 Metaspace       used 71580K, committed 72384K, reserved 380928K
  class space    used 10428K, committed 10816K, reserved 315392K
}
Event: 21.287 GC heap before
{Heap before GC invocations=10 (full 0):
 garbage-first heap   total 262144K, used 219272K [0x00000000e0000000, 0x0000000100000000)
  region size 1024K, 134 young (137216K), 14 survivors (14336K)
 Metaspace       used 79334K, committed 80064K, reserved 389120K
  class space    used 11350K, committed 11712K, reserved 315392K
}
Event: 21.317 GC heap after
{Heap after GC invocations=11 (full 0):
 garbage-first heap   total 262144K, used 109706K [0x00000000e0000000, 0x0000000100000000)
  region size 1024K, 17 young (17408K), 17 survivors (17408K)
 Metaspace       used 79334K, committed 80064K, reserved 389120K
  class space    used 11350K, committed 11712K, reserved 315392K
}
Event: 23.188 GC heap before
{Heap before GC invocations=11 (full 0):
 garbage-first heap   total 262144K, used 201866K [0x00000000e0000000, 0x0000000100000000)
  region size 1024K, 107 young (109568K), 17 survivors (17408K)
 Metaspace       used 88663K, committed 89408K, reserved 397312K
  class space    used 12275K, committed 12608K, reserved 315392K
}
Event: 23.212 GC heap after
{Heap after GC invocations=12 (full 0):
 garbage-first heap   total 262144K, used 118070K [0x00000000e0000000, 0x0000000100000000)
  region size 1024K, 7 young (7168K), 7 survivors (7168K)
 Metaspace       used 88663K, committed 89408K, reserved 397312K
  class space    used 12275K, committed 12608K, reserved 315392K
}
Event: 24.859 GC heap before
{Heap before GC invocations=12 (full 0):
 garbage-first heap   total 262144K, used 208182K [0x00000000e0000000, 0x0000000100000000)
  region size 1024K, 94 young (96256K), 7 survivors (7168K)
 Metaspace       used 95787K, committed 96512K, reserved 405504K
  class space    used 13140K, committed 13504K, reserved 315392K
}
Event: 24.871 GC heap after
{Heap after GC invocations=13 (full 0):
 garbage-first heap   total 262144K, used 122569K [0x00000000e0000000, 0x0000000100000000)
  region size 1024K, 12 young (12288K), 12 survivors (12288K)
 Metaspace       used 95787K, committed 96512K, reserved 405504K
  class space    used 13140K, committed 13504K, reserved 315392K
}
Event: 26.498 GC heap before
{Heap before GC invocations=13 (full 0):
 garbage-first heap   total 262144K, used 190153K [0x00000000e0000000, 0x0000000100000000)
  region size 1024K, 79 young (80896K), 12 survivors (12288K)
 Metaspace       used 99754K, committed 100480K, reserved 405504K
  class space    used 13527K, committed 13888K, reserved 315392K
}
Event: 26.512 GC heap after
{Heap after GC invocations=14 (full 0):
 garbage-first heap   total 262144K, used 128977K [0x00000000e0000000, 0x0000000100000000)
  region size 1024K, 12 young (12288K), 12 survivors (12288K)
 Metaspace       used 99754K, committed 100480K, reserved 405504K
  class space    used 13527K, committed 13888K, reserved 315392K
}
Event: 29.127 GC heap before
{Heap before GC invocations=15 (full 0):
 garbage-first heap   total 262144K, used 211921K [0x00000000e0000000, 0x0000000100000000)
  region size 1024K, 93 young (95232K), 12 survivors (12288K)
 Metaspace       used 107362K, committed 108096K, reserved 413696K
  class space    used 14302K, committed 14656K, reserved 315392K
}
Event: 29.144 GC heap after
{Heap after GC invocations=16 (full 0):
 garbage-first heap   total 262144K, used 135425K [0x00000000e0000000, 0x0000000100000000)
  region size 1024K, 12 young (12288K), 12 survivors (12288K)
 Metaspace       used 107362K, committed 108096K, reserved 413696K
  class space    used 14302K, committed 14656K, reserved 315392K
}
Event: 29.175 GC heap before
{Heap before GC invocations=16 (full 0):
 garbage-first heap   total 262144K, used 135425K [0x00000000e0000000, 0x0000000100000000)
  region size 1024K, 13 young (13312K), 12 survivors (12288K)
 Metaspace       used 107483K, committed 108224K, reserved 413696K
  class space    used 14315K, committed 14656K, reserved 315392K
}
Event: 29.186 GC heap after
{Heap after GC invocations=17 (full 0):
 garbage-first heap   total 262144K, used 137358K [0x00000000e0000000, 0x0000000100000000)
  region size 1024K, 2 young (2048K), 2 survivors (2048K)
 Metaspace       used 107483K, committed 108224K, reserved 413696K
  class space    used 14315K, committed 14656K, reserved 315392K
}
Event: 31.140 GC heap before
{Heap before GC invocations=17 (full 0):
 garbage-first heap   total 262144K, used 213134K [0x00000000e0000000, 0x0000000100000000)
  region size 1024K, 77 young (78848K), 2 survivors (2048K)
 Metaspace       used 118265K, committed 118976K, reserved 421888K
  class space    used 15399K, committed 15744K, reserved 315392K
}
Event: 31.146 GC heap after
{Heap after GC invocations=18 (full 0):
 garbage-first heap   total 262144K, used 137584K [0x00000000e0000000, 0x0000000100000000)
  region size 1024K, 3 young (3072K), 3 survivors (3072K)
 Metaspace       used 118265K, committed 118976K, reserved 421888K
  class space    used 15399K, committed 15744K, reserved 315392K
}

