# JRE version: OpenJDK Runtime Environment Corretto-17.0.5.8.1 (17.0.5+8) (build 17.0.5+8-LTS)
# Java VM: OpenJDK 64-Bit Server VM Corretto-17.0.5.8.1 (17.0.5+8-LTS, mixed mode, sharing, tiered, compressed oops, compressed class ptrs, g1 gc, windows-amd64)
GC Precious Log:
 CPUs: 8 total, 8 available
 Memory: 6119M
 Large Page Support: Disabled
 NUMA Support: Disabled
 Compressed Oops: Enabled (32-bit)
 Heap Region Size: 1M
 Heap Min Capacity: 256M
 Heap Initial Capacity: 256M
 Heap Max Capacity: 512M
 Pre-touch: Disabled
 Parallel Workers: 8
 Concurrent Workers: 2
 Concurrent Refinement Workers: 8
 Periodic GC: Disabled
Heap:
 garbage-first heap   total 288768K, used 228950K [0x00000000e0000000, 0x0000000100000000)
  region size 1024K, 18 young (18432K), 4 survivors (4096K)
 Metaspace       used 145442K, committed 146432K, reserved 446464K
  class space    used 18675K, committed 19136K, reserved 315392K
GC Heap History (20 events):
Event: 32.251 GC heap before
{Heap before GC invocations=27 (full 0):
 garbage-first heap   total 288768K, used 225626K [0x00000000e0000000, 0x0000000100000000)
  region size 1024K, 73 young (74752K), 9 survivors (9216K)
 Metaspace       used 140176K, committed 141120K, reserved 438272K
  class space    used 18036K, committed 18496K, reserved 315392K
}
Event: 32.261 GC heap after
{Heap after GC invocations=28 (full 0):
 garbage-first heap   total 288768K, used 161738K [0x00000000e0000000, 0x0000000100000000)
  region size 1024K, 5 young (5120K), 5 survivors (5120K)
 Metaspace       used 140176K, committed 141120K, reserved 438272K
  class space    used 18036K, committed 18496K, reserved 315392K
}
Event: 32.392 GC heap before
{Heap before GC invocations=28 (full 0):
 garbage-first heap   total 288768K, used 169930K [0x00000000e0000000, 0x0000000100000000)
  region size 1024K, 14 young (14336K), 5 survivors (5120K)
 Metaspace       used 141288K, committed 142272K, reserved 446464K
  class space    used 18172K, committed 18624K, reserved 315392K
}
Event: 32.400 GC heap after
{Heap after GC invocations=29 (full 0):
 garbage-first heap   total 288768K, used 160507K [0x00000000e0000000, 0x0000000100000000)
  region size 1024K, 2 young (2048K), 2 survivors (2048K)
 Metaspace       used 141288K, committed 142272K, reserved 446464K
  class space    used 18172K, committed 18624K, reserved 315392K
}
Event: 33.519 GC heap before
{Heap before GC invocations=29 (full 0):
 garbage-first heap   total 288768K, used 243451K [0x00000000e0000000, 0x0000000100000000)
  region size 1024K, 79 young (80896K), 2 survivors (2048K)
 Metaspace       used 145354K, committed 146368K, reserved 446464K
  class space    used 18663K, committed 19136K, reserved 315392K
}
Event: 33.532 GC heap after
{Heap after GC invocations=30 (full 0):
 garbage-first heap   total 288768K, used 178386K [0x00000000e0000000, 0x0000000100000000)
  region size 1024K, 10 young (10240K), 10 survivors (10240K)
 Metaspace       used 145354K, committed 146368K, reserved 446464K
  class space    used 18663K, committed 19136K, reserved 315392K
}
Event: 34.665 GC heap before
{Heap before GC invocations=30 (full 0):
 garbage-first heap   total 288768K, used 234706K [0x00000000e0000000, 0x0000000100000000)
  region size 1024K, 66 young (67584K), 10 survivors (10240K)
 Metaspace       used 145379K, committed 146368K, reserved 446464K
  class space    used 18664K, committed 19136K, reserved 315392K
}
Event: 34.680 GC heap after
{Heap after GC invocations=31 (full 0):
 garbage-first heap   total 288768K, used 184685K [0x00000000e0000000, 0x0000000100000000)
  region size 1024K, 9 young (9216K), 9 survivors (9216K)
 Metaspace       used 145379K, committed 146368K, reserved 446464K
  class space    used 18664K, committed 19136K, reserved 315392K
}
Event: 36.984 GC heap before
{Heap before GC invocations=31 (full 0):
 garbage-first heap   total 288768K, used 233837K [0x00000000e0000000, 0x0000000100000000)
  region size 1024K, 58 young (59392K), 9 survivors (9216K)
 Metaspace       used 145379K, committed 146368K, reserved 446464K
  class space    used 18664K, committed 19136K, reserved 315392K
}
Event: 36.991 GC heap after
{Heap after GC invocations=32 (full 0):
 garbage-first heap   total 288768K, used 188632K [0x00000000e0000000, 0x0000000100000000)
  region size 1024K, 4 young (4096K), 4 survivors (4096K)
 Metaspace       used 145379K, committed 146368K, reserved 446464K
  class space    used 18664K, committed 19136K, reserved 315392K
}
Event: 38.451 GC heap before
{Heap before GC invocations=32 (full 0):
 garbage-first heap   total 288768K, used 238808K [0x00000000e0000000, 0x0000000100000000)
  region size 1024K, 53 young (54272K), 4 survivors (4096K)
 Metaspace       used 145381K, committed 146368K, reserved 446464K
  class space    used 18664K, committed 19136K, reserved 315392K
}
Event: 38.455 GC heap after
{Heap after GC invocations=33 (full 0):
 garbage-first heap   total 288768K, used 190216K [0x00000000e0000000, 0x0000000100000000)
  region size 1024K, 5 young (5120K), 5 survivors (5120K)
 Metaspace       used 145381K, committed 146368K, reserved 446464K
  class space    used 18664K, committed 19136K, reserved 315392K
}
Event: 39.630 GC heap before
{Heap before GC invocations=33 (full 0):
 garbage-first heap   total 288768K, used 242440K [0x00000000e0000000, 0x0000000100000000)
  region size 1024K, 56 young (57344K), 5 survivors (5120K)
 Metaspace       used 145383K, committed 146368K, reserved 446464K
  class space    used 18664K, committed 19136K, reserved 315392K
}
Event: 39.635 GC heap after
{Heap after GC invocations=34 (full 0):
 garbage-first heap   total 288768K, used 192791K [0x00000000e0000000, 0x0000000100000000)
  region size 1024K, 5 young (5120K), 5 survivors (5120K)
 Metaspace       used 145383K, committed 146368K, reserved 446464K
  class space    used 18664K, committed 19136K, reserved 315392K
}
Event: 42.153 GC heap before
{Heap before GC invocations=34 (full 0):
 garbage-first heap   total 288768K, used 243991K [0x00000000e0000000, 0x0000000100000000)
  region size 1024K, 55 young (56320K), 5 survivors (5120K)
 Metaspace       used 145383K, committed 146368K, reserved 446464K
  class space    used 18664K, committed 19136K, reserved 315392K
}
Event: 42.160 GC heap after
{Heap after GC invocations=35 (full 0):
 garbage-first heap   total 288768K, used 195449K [0x00000000e0000000, 0x0000000100000000)
  region size 1024K, 6 young (6144K), 6 survivors (6144K)
 Metaspace       used 145383K, committed 146368K, reserved 446464K
  class space    used 18664K, committed 19136K, reserved 315392K
}
Event: 43.639 GC heap before
{Heap before GC invocations=35 (full 0):
 garbage-first heap   total 288768K, used 245625K [0x00000000e0000000, 0x0000000100000000)
  region size 1024K, 55 young (56320K), 6 survivors (6144K)
 Metaspace       used 145390K, committed 146368K, reserved 446464K
  class space    used 18665K, committed 19136K, reserved 315392K
}
Event: 43.645 GC heap after
{Heap after GC invocations=36 (full 0):
 garbage-first heap   total 288768K, used 197908K [0x00000000e0000000, 0x0000000100000000)
  region size 1024K, 5 young (5120K), 5 survivors (5120K)
 Metaspace       used 145390K, committed 146368K, reserved 446464K
  class space    used 18665K, committed 19136K, reserved 315392K
}
Event: 44.328 GC heap before
{Heap before GC invocations=36 (full 0):
 garbage-first heap   total 288768K, used 219412K [0x00000000e0000000, 0x0000000100000000)
  region size 1024K, 13 young (13312K), 5 survivors (5120K)
 Metaspace       used 145440K, committed 146432K, reserved 446464K
  class space    used 18675K, committed 19136K, reserved 315392K
}
Event: 44.333 GC heap after
{Heap after GC invocations=37 (full 0):
 garbage-first heap   total 288768K, used 211542K [0x00000000e0000000, 0x0000000100000000)
  region size 1024K, 4 young (4096K), 4 survivors (4096K)
 Metaspace       used 145440K, committed 146432K, reserved 446464K
  class space    used 18675K, committed 19136K, reserved 315392K
}

